
  .   ____          _            __ _ _
 /\\ / ___'_ __ _ _(_)_ __  __ _ \ \ \ \
( ( )\___ | '_ | '_| | '_ \/ _` | \ \ \ \
 \\/  ___)| |_)| | | | | || (_| |  ) ) ) )
  '  |____| .__|_| |_|_| |_\__, | / / / /
 =========|_|==============|___/=/_/_/_/
 :: Spring Boot ::                (v3.2.0)

2025-11-24T23:15:29.063+01:00  INFO 4348 --- [           main] com.jai.router.examples.ExampleApp       : Starting ExampleApp v0.5.0-SNAPSHOT using Java 17.0.16 with PID 4348 (/Users/rrezartprebreza/Desktop/JAI/JAI-Router/jai-router-examples/build/libs/jai-router-examples-0.5.0-SNAPSHOT.jar started by rrezartprebreza in /Users/rrezartprebreza/Desktop/JAI/JAI-Router)
2025-11-24T23:15:29.069+01:00  INFO 4348 --- [           main] com.jai.router.examples.ExampleApp       : No active profile set, falling back to 1 default profile: "default"
2025-11-24T23:15:29.496+01:00  INFO 4348 --- [           main] o.s.b.w.embedded.tomcat.TomcatWebServer  : Tomcat initialized with port 8080 (http)
2025-11-24T23:15:29.501+01:00  INFO 4348 --- [           main] o.apache.catalina.core.StandardService   : Starting service [Tomcat]
2025-11-24T23:15:29.501+01:00  INFO 4348 --- [           main] o.apache.catalina.core.StandardEngine    : Starting Servlet engine: [Apache Tomcat/10.1.16]
2025-11-24T23:15:29.521+01:00  INFO 4348 --- [           main] o.a.c.c.C.[Tomcat].[localhost].[/]       : Initializing Spring embedded WebApplicationContext
2025-11-24T23:15:29.522+01:00  INFO 4348 --- [           main] w.s.c.ServletWebServerApplicationContext : Root WebApplicationContext: initialization completed in 400 ms
2025-11-24T23:15:29.672+01:00  WARN 4348 --- [           main] ConfigServletWebServerApplicationContext : Exception encountered during context initialization - cancelling refresh attempt: org.springframework.context.ApplicationContextException: Failed to start bean 'webServerStartStop'
2025-11-24T23:15:29.680+01:00  INFO 4348 --- [           main] .s.b.a.l.ConditionEvaluationReportLogger : 

Error starting ApplicationContext. To display the condition evaluation report re-run your application with 'debug' enabled.
2025-11-24T23:15:29.687+01:00 ERROR 4348 --- [           main] o.s.b.d.LoggingFailureAnalysisReporter   : 

***************************
APPLICATION FAILED TO START
***************************

Description:

Web server failed to start. Port 8080 was already in use.

Action:

Identify and stop the process that's listening on port 8080 or configure this application to listen on another port.

